\BOOKMARK [0][-]{chapter.1}{\376\377\000M\000A\000V\000R\000I\000C\000:\000\040\000M\000o\000n\000a\000c\000o\000\040\000w\000i\000t\000h\000\040\000A\000u\000t\000o\000m\000a\000t\000e\000d\000\040\000V\000a\000r\000i\000a\000n\000c\000e\000\040\000R\000e\000d\000u\000c\000t\000i\000o\000n\000\040\000u\000s\000i\000n\000g\000\040\000I\000m\000p\000o\000r\000t\000a\000n\000c\000e\000\040\000C\000a\000l\000c\000u\000l\000a\000t\000i\000o\000n\000s}{}% 1
\BOOKMARK [1][-]{section.1.1}{\376\377\000I\000n\000t\000r\000o\000d\000u\000c\000t\000i\000o\000n}{chapter.1}% 2
\BOOKMARK [1][-]{section.1.2}{\376\377\000C\000A\000D\000I\000S\000\040\000M\000e\000t\000h\000o\000d\000o\000l\000o\000g\000y}{chapter.1}% 3
\BOOKMARK [1][-]{section.1.3}{\376\377\000M\000A\000V\000R\000I\000C\000\040\000i\000n\000p\000u\000t}{chapter.1}% 4
\BOOKMARK [1][-]{section.1.4}{\376\377\000M\000A\000V\000R\000I\000C\000\040\000o\000u\000t\000p\000u\000t}{chapter.1}% 5
\BOOKMARK [1][-]{section.1.5}{\376\377\000S\000a\000m\000p\000l\000e\000\040\000p\000r\000o\000b\000l\000e\000m\000s}{chapter.1}% 6
\BOOKMARK [0][-]{chapter.2}{\376\377\000M\000A\000V\000R\000I\000C\000\040\000A\000p\000p\000e\000n\000d\000i\000x\000\040\000A\000:\000\040\000C\000A\000A\000S\000\040\000C\000a\000p\000a\000b\000i\000l\000i\000t\000y}{}% 7
\BOOKMARK [1][-]{section.2.1}{\376\377\000I\000n\000t\000r\000o\000d\000u\000c\000t\000i\000o\000n}{chapter.2}% 8
\BOOKMARK [1][-]{section.2.2}{\376\377\000M\000e\000t\000h\000o\000d\000s}{chapter.2}% 9
\BOOKMARK [1][-]{section.2.3}{\376\377\000U\000s\000e\000r\000\040\000I\000n\000p\000u\000t}{chapter.2}% 10
\BOOKMARK [1][-]{section.2.4}{\376\377\000E\000x\000a\000m\000p\000l\000e\000\040\000p\000r\000o\000b\000l\000e\000m}{chapter.2}% 11
\BOOKMARK [1][-]{section.2.5}{\376\377\000S\000u\000m\000m\000a\000r\000y}{chapter.2}% 12
\BOOKMARK [0][-]{chapter.3}{\376\377\000M\000A\000V\000R\000I\000C\000\040\000A\000p\000p\000e\000n\000d\000i\000x\000\040\000B\000:\000\040\000M\000A\000V\000R\000I\000C\000\040\000U\000t\000i\000l\000i\000t\000i\000e\000s}{}% 13
\BOOKMARK [1][-]{section.3.1}{\376\377\000I\000n\000t\000r\000o\000d\000u\000c\000t\000i\000o\000n}{chapter.3}% 14
\BOOKMARK [1][-]{section.3.2}{\376\377\000U\000t\000i\000l\000i\000t\000i\000e\000s\000\040\000w\000o\000r\000k\000i\000n\000g\000\040\000w\000i\000t\000h\000\040\000M\000o\000n\000a\000c\000o\000\040\000m\000e\000s\000h\000\040\000t\000a\000l\000l\000y\000\040\000\050\000*\000.\0003\000D\000M\000A\000P\000\051\000\040\000f\000i\000l\000e\000s}{chapter.3}% 15
\BOOKMARK [1][-]{section.3.3}{\376\377\000U\000t\000i\000l\000i\000t\000i\000e\000s\000\040\000f\000o\000r\000\040\000w\000o\000r\000k\000i\000n\000g\000\040\000w\000i\000t\000h\000\040\000D\000E\000N\000O\000V\000O\000\040\000b\000i\000n\000a\000r\000y\000\040\000f\000l\000u\000x\000\040\000\050\000*\000.\000d\000f\000f\000\051\000\040\000f\000i\000l\000e\000s}{chapter.3}% 16
\BOOKMARK [1][-]{section.3.4}{\376\377\000U\000t\000i\000l\000i\000t\000i\000e\000s\000\040\000f\000o\000r\000\040\000w\000o\000r\000k\000i\000n\000g\000\040\000w\000i\000t\000h\000\040\000D\000E\000N\000O\000V\000O\000\040\000*\000.\000v\000a\000r\000s\000c\000l\000\040\000\050\000a\000\040\000T\000O\000R\000T\000\040\000f\000o\000r\000m\000a\000t\000\051\000\040\000f\000i\000l\000e\000s}{chapter.3}% 17
\BOOKMARK [1][-]{section.3.5}{\376\377\000M\000i\000s\000c\000e\000l\000l\000a\000n\000e\000o\000u\000s\000\040\000u\000t\000i\000l\000i\000t\000i\000e\000s}{chapter.3}% 18
\BOOKMARK [0][-]{chapter.4}{\376\377\000M\000A\000V\000R\000I\000C\000\040\000A\000p\000p\000e\000n\000d\000i\000x\000\040\000C\000:\000\040\000A\000d\000v\000a\000n\000c\000e\000d\000\040\000F\000e\000a\000t\000u\000r\000e\000s}{}% 19
\BOOKMARK [1][-]{section.4.1}{\376\377\000A\000l\000t\000e\000r\000n\000a\000t\000e\000\040\000n\000o\000r\000m\000a\000l\000i\000z\000a\000t\000i\000o\000n\000\040\000o\000f\000\040\000t\000h\000e\000\040\000i\000m\000p\000o\000r\000t\000a\000n\000c\000e\000\040\000m\000a\000p\000\040\000a\000n\000d\000\040\000b\000i\000a\000s\000e\000d\000\040\000s\000o\000u\000r\000c\000e}{chapter.4}% 20
\BOOKMARK [1][-]{section.4.2}{\376\377\000I\000m\000p\000o\000r\000t\000a\000n\000c\000e\000\040\000m\000a\000p\000s\000\040\000w\000i\000t\000h\000\040\000d\000i\000r\000e\000c\000t\000i\000o\000n\000a\000l\000\040\000i\000n\000f\000o\000r\000m\000a\000t\000i\000o\000n}{chapter.4}% 21
\BOOKMARK [1][-]{section.4.3}{\376\377\000U\000n\000i\000v\000e\000r\000s\000i\000t\000y\000\040\000o\000f\000\040\000M\000i\000c\000h\000i\000g\000a\000n\000\040\000m\000e\000t\000h\000o\000d\000s\000\040\000f\000o\000r\000\040\000g\000l\000o\000b\000a\000l\000\040\000v\000a\000r\000i\000a\000n\000c\000e\000\040\000r\000e\000d\000u\000c\000t\000i\000o\000n}{chapter.4}% 22
\BOOKMARK [1][-]{section.4.4}{\376\377\000U\000s\000i\000n\000g\000\040\000M\000A\000V\000R\000I\000C\000\040\000t\000o\000\040\000r\000u\000n\000\040\000f\000i\000x\000e\000d\000-\000s\000o\000u\000r\000c\000e\000\040\000D\000e\000n\000o\000v\000o\000\040\000c\000a\000l\000c\000u\000l\000a\000t\000i\000o\000n\000s}{chapter.4}% 23
\BOOKMARK [0][-]{chapter.5}{\376\377\000M\000o\000n\000a\000c\000o\000:\000\040\000A\000\040\000F\000i\000x\000e\000d\000-\000S\000o\000u\000r\000c\000e\000\040\000M\000o\000n\000t\000e\000\040\000C\000a\000r\000l\000o\000\040\000T\000r\000a\000n\000s\000p\000o\000r\000t\000\040\000C\000o\000d\000e\000\040\000f\000o\000r\000\040\000S\000h\000i\000e\000l\000d\000i\000n\000g\000\040\000A\000p\000p\000l\000i\000c\000a\000t\000i\000o\000n\000s}{}% 24
\BOOKMARK [1][-]{section.5.1}{\376\377\000I\000n\000t\000r\000o\000d\000u\000c\000t\000i\000o\000n}{chapter.5}% 25
\BOOKMARK [1][-]{section.5.2}{\376\377\000M\000o\000n\000a\000c\000o\000\040\000C\000a\000p\000a\000b\000i\000l\000i\000t\000i\000e\000s}{chapter.5}% 26
\BOOKMARK [1][-]{section.5.3}{\376\377\000M\000o\000n\000a\000c\000o\000\040\000I\000n\000p\000u\000t\000\040\000F\000i\000l\000e\000s}{chapter.5}% 27
\BOOKMARK [1][-]{section.5.4}{\376\377\000M\000o\000n\000a\000c\000o\000\040\000O\000u\000t\000p\000u\000t}{chapter.5}% 28
\BOOKMARK [1][-]{section.5.5}{\376\377\000E\000x\000a\000m\000p\000l\000e\000\040\000P\000r\000o\000b\000l\000e\000m\000s}{chapter.5}% 29
\BOOKMARK [0][-]{chapter.6}{\376\377\000C\000r\000i\000t\000i\000c\000a\000l\000i\000t\000y\000\040\000S\000a\000f\000e\000t\000y\000\040\000O\000v\000e\000r\000v\000i\000e\000w}{}% 30
\BOOKMARK [0][-]{chapter.7}{\376\377\000C\000S\000A\000S\0005\000:\000\040\000C\000o\000n\000t\000r\000o\000l\000\040\000M\000o\000d\000u\000l\000e\000\040\000F\000o\000r\000\040\000E\000n\000h\000a\000n\000c\000e\000d\000\040\000C\000r\000i\000t\000i\000c\000a\000l\000i\000t\000y\000\040\000S\000a\000f\000e\000t\000y\000\040\000A\000n\000a\000l\000y\000s\000i\000s\000\040\000S\000e\000q\000u\000e\000n\000c\000e\000s\000\040\000W\000i\000t\000h\000\040\000K\000E\000N\000O\000\240\000V\000.\000a}{}% 31
\BOOKMARK [1][-]{section.7.1}{\376\377\000A\000c\000k\000n\000o\000w\000l\000e\000d\000g\000m\000e\000n\000t\000s}{chapter.7}% 32
\BOOKMARK [1][-]{section.7.2}{\376\377\000I\000n\000t\000r\000o\000d\000u\000c\000t\000i\000o\000n}{chapter.7}% 33
\BOOKMARK [1][-]{section.7.3}{\376\377\000S\000e\000q\000u\000e\000n\000c\000e\000\040\000C\000a\000p\000a\000b\000i\000l\000i\000t\000i\000e\000s}{chapter.7}% 34
\BOOKMARK [1][-]{section.7.4}{\376\377\000I\000n\000p\000u\000t\000\040\000D\000a\000t\000a\000\040\000G\000u\000i\000d\000e}{chapter.7}% 35
\BOOKMARK [1][-]{section.7.5}{\376\377\000E\000x\000a\000m\000p\000l\000e\000\040\000p\000r\000o\000b\000l\000e\000m\000s}{chapter.7}% 36
\BOOKMARK [1][-]{section.7.6}{\376\377\000W\000a\000r\000n\000i\000n\000g\000\040\000a\000n\000d\000\040\000e\000r\000r\000o\000r\000\040\000m\000e\000s\000s\000a\000g\000e\000s}{chapter.7}% 37
\BOOKMARK [0][-]{chapter.8}{\376\377\000A\000d\000d\000i\000t\000i\000o\000n\000a\000l\000\040\000E\000x\000a\000m\000p\000l\000e\000\040\000A\000p\000p\000l\000i\000c\000a\000t\000i\000o\000n\000s\000\040\000o\000f\000\040\000C\000S\000A\000S\0005}{}% 38
\BOOKMARK [1][-]{section.8.1}{\376\377\000T\000y\000p\000i\000c\000a\000l\000\040\000s\000e\000a\000r\000c\000h}{chapter.8}% 39
\BOOKMARK [1][-]{section.8.2}{\376\377\000A\000u\000x\000i\000l\000i\000a\000r\000y\000\040\000s\000e\000a\000r\000c\000h\000\040\000c\000o\000m\000m\000a\000n\000d\000s}{chapter.8}% 40
\BOOKMARK [1][-]{section.8.3}{\376\377\000S\000e\000a\000r\000c\000h\000\040\000c\000o\000n\000s\000t\000r\000a\000i\000n\000t\000s\000\040\000f\000o\000r\000\040\000d\000i\000m\000e\000n\000s\000i\000o\000n\000\040\000o\000r\000\040\000p\000i\000t\000c\000h\000\040\000s\000e\000a\000r\000c\000h\000e\000s}{chapter.8}% 41
\BOOKMARK [1][-]{section.8.4}{\376\377\000S\000e\000a\000r\000c\000h\000\040\000c\000o\000n\000s\000t\000r\000a\000i\000n\000t\000s\000\040\000f\000o\000r\000\040\000c\000o\000n\000c\000e\000n\000t\000r\000a\000t\000i\000o\000n\000\040\000s\000e\000a\000r\000c\000h\000e\000s}{chapter.8}% 42
\BOOKMARK [1][-]{section.8.5}{\376\377\000S\000e\000a\000r\000c\000h\000\040\000c\000o\000n\000s\000i\000d\000e\000r\000a\000t\000i\000o\000n\000s}{chapter.8}% 43
\BOOKMARK [1][-]{section.8.6}{\376\377\000O\000p\000t\000i\000m\000u\000m\000\040\000p\000i\000t\000c\000h\000\040\000s\000e\000a\000r\000c\000h}{chapter.8}% 44
\BOOKMARK [1][-]{section.8.7}{\376\377\000M\000i\000n\000i\000m\000u\000m\000\040\000p\000i\000t\000c\000h\000\040\000s\000e\000a\000r\000c\000h}{chapter.8}% 45
\BOOKMARK [1][-]{section.8.8}{\376\377\000C\000r\000i\000t\000i\000c\000a\000l\000\040\000p\000i\000t\000c\000h\000\040\000s\000e\000a\000r\000c\000h}{chapter.8}% 46
\BOOKMARK [1][-]{section.8.9}{\376\377\000O\000p\000t\000i\000m\000u\000m\000\040\000d\000i\000m\000e\000n\000s\000i\000o\000n\000\040\000s\000e\000a\000r\000c\000h}{chapter.8}% 47
\BOOKMARK [1][-]{section.8.10}{\376\377\000M\000i\000n\000i\000m\000u\000m\000\040\000d\000i\000m\000e\000n\000s\000i\000o\000n\000\040\000s\000e\000a\000r\000c\000h}{chapter.8}% 48
\BOOKMARK [1][-]{section.8.11}{\376\377\000C\000r\000i\000t\000i\000c\000a\000l\000\040\000d\000i\000m\000e\000n\000s\000i\000o\000n\000\040\000s\000e\000a\000r\000c\000h}{chapter.8}% 49
\BOOKMARK [1][-]{section.8.12}{\376\377\000O\000p\000t\000i\000m\000u\000m\000\040\000c\000o\000n\000c\000e\000n\000t\000r\000a\000t\000i\000o\000n\000\040\000s\000e\000a\000r\000c\000h}{chapter.8}% 50
\BOOKMARK [1][-]{section.8.13}{\376\377\000M\000i\000n\000i\000m\000u\000m\000\040\000c\000o\000n\000c\000e\000n\000t\000r\000a\000t\000i\000o\000n\000\040\000s\000e\000a\000r\000c\000h}{chapter.8}% 51
\BOOKMARK [1][-]{section.8.14}{\376\377\000C\000r\000i\000t\000i\000c\000a\000l\000\040\000c\000o\000n\000c\000e\000n\000t\000r\000a\000t\000i\000o\000n\000\040\000s\000e\000a\000r\000c\000h}{chapter.8}% 52
\BOOKMARK [0][-]{chapter.9}{\376\377\000C\000S\000A\000S\0006\000:\000\040\000C\000o\000n\000t\000r\000o\000l\000\040\000M\000o\000d\000u\000l\000e\000\040\000f\000o\000r\000\040\000E\000n\000h\000a\000n\000c\000e\000d\000\040\000C\000r\000i\000t\000i\000c\000a\000l\000i\000t\000y\000\040\000S\000a\000f\000e\000t\000y\000\040\000A\000n\000a\000l\000y\000s\000i\000s\000\040\000w\000i\000t\000h\000\040\000K\000E\000N\000O\000-\000V\000I}{}% 53
\BOOKMARK [1][-]{section.9.1}{\376\377\000I\000n\000t\000r\000o\000d\000u\000c\000t\000i\000o\000n}{chapter.9}% 54
\BOOKMARK [1][-]{section.9.2}{\376\377\000S\000e\000q\000u\000e\000n\000c\000e\000\040\000C\000a\000p\000a\000b\000i\000l\000i\000t\000i\000e\000s}{chapter.9}% 55
\BOOKMARK [1][-]{section.9.3}{\376\377\000M\000u\000l\000t\000i\000g\000r\000o\000u\000p\000\040\000C\000S\000A\000S\0006\000\040\000l\000i\000m\000i\000t\000a\000t\000i\000o\000n\000s}{chapter.9}% 56
\BOOKMARK [1][-]{section.9.4}{\376\377\000I\000n\000p\000u\000t\000\040\000D\000a\000t\000a\000\040\000G\000u\000i\000d\000e}{chapter.9}% 57
\BOOKMARK [1][-]{section.9.5}{\376\377\000S\000a\000m\000p\000l\000e\000\040\000P\000r\000o\000b\000l\000e\000m\000s}{chapter.9}% 58
\BOOKMARK [1][-]{section.9.6}{\376\377\000W\000a\000r\000n\000i\000n\000g\000\040\000a\000n\000d\000\040\000E\000r\000r\000o\000r\000\040\000M\000e\000s\000s\000a\000g\000e\000s}{chapter.9}% 59
\BOOKMARK [0][-]{chapter.10}{\376\377\000A\000d\000d\000i\000t\000i\000o\000n\000a\000l\000\040\000E\000x\000a\000m\000p\000l\000e\000\040\000A\000p\000p\000l\000i\000c\000a\000t\000i\000o\000n\000s\000\040\000o\000f\000\040\000C\000S\000A\000S\0006}{}% 60
\BOOKMARK [1][-]{section.10.1}{\376\377\000R\000u\000n\000\040\000K\000E\000N\000O\000-\000V\000I\000\040\000u\000s\000i\000n\000g\000\040\000C\000S\000A\000S\0006}{chapter.10}% 61
\BOOKMARK [1][-]{section.10.2}{\376\377\000R\000u\000n\000\040\000K\000E\000N\000O\000-\000V\000I\000\040\000c\000o\000n\000t\000a\000i\000n\000i\000n\000g\000\040\000c\000e\000l\000l\000-\000w\000e\000i\000g\000h\000t\000e\000d\000\040\000m\000i\000x\000t\000u\000r\000e\000s}{chapter.10}% 62
\BOOKMARK [1][-]{section.10.3}{\376\377\000R\000u\000n\000\040\000K\000E\000N\000O\000-\000V\000I\000\040\000c\000o\000n\000t\000a\000i\000n\000i\000n\000g\000\040\000m\000u\000l\000t\000i\000p\000l\000e\000\040\000u\000n\000i\000t\000\040\000c\000e\000l\000l\000s}{chapter.10}% 63
\BOOKMARK [0][-]{chapter.11}{\376\377\000S\000T\000A\000R\000B\000U\000C\000S\000:\000\040\000A\000\040\000S\000c\000a\000l\000e\000\040\000C\000o\000n\000t\000r\000o\000l\000\040\000M\000o\000d\000u\000l\000e\000\040\000f\000o\000r\000\040\000A\000u\000t\000o\000m\000a\000t\000e\000d\000\040\000C\000r\000i\000t\000i\000c\000a\000l\000i\000t\000y\000\040\000S\000a\000f\000e\000t\000y\000\040\000A\000n\000a\000l\000y\000s\000e\000s\000\040\000U\000s\000i\000n\000g\000\040\000B\000u\000r\000n\000u\000p\000\040\000C\000r\000e\000d\000i\000t}{}% 64
\BOOKMARK [1][-]{section.11.1}{\376\377\000I\000n\000t\000r\000o\000d\000u\000c\000t\000i\000o\000n}{chapter.11}% 65
\BOOKMARK [1][-]{section.11.2}{\376\377\000M\000e\000t\000h\000o\000d\000o\000l\000o\000g\000y}{chapter.11}% 66
\BOOKMARK [1][-]{section.11.3}{\376\377\000C\000a\000p\000a\000b\000i\000l\000i\000t\000i\000e\000s\000\040\000a\000n\000d\000\040\000L\000i\000m\000i\000t\000a\000t\000i\000o\000n\000s}{chapter.11}% 67
\BOOKMARK [1][-]{section.11.4}{\376\377\000I\000n\000p\000u\000t\000\040\000D\000e\000s\000c\000r\000i\000p\000t\000i\000o\000n}{chapter.11}% 68
\BOOKMARK [1][-]{section.11.5}{\376\377\000S\000a\000m\000p\000l\000e\000\040\000p\000r\000o\000b\000l\000e\000m\000s}{chapter.11}% 69
\BOOKMARK [0][-]{chapter.12}{\376\377\000S\000o\000u\000r\000c\000e\000r\000e\000r\000:\000\040\000D\000e\000t\000e\000r\000m\000i\000n\000i\000s\000t\000i\000c\000\040\000S\000t\000a\000r\000t\000i\000n\000g\000\040\000S\000o\000u\000r\000c\000e\000\040\000f\000o\000r\000\040\000C\000r\000i\000t\000i\000c\000a\000l\000i\000t\000y\000\040\000C\000a\000l\000c\000u\000l\000a\000t\000i\000o\000n\000s}{}% 70
\BOOKMARK [1][-]{section.12.1}{\376\377\000I\000n\000t\000r\000o\000d\000u\000c\000t\000i\000o\000n}{chapter.12}% 71
\BOOKMARK [1][-]{section.12.2}{\376\377\000C\000a\000p\000a\000b\000i\000l\000i\000t\000i\000e\000s}{chapter.12}% 72
\BOOKMARK [1][-]{section.12.3}{\376\377\000S\000e\000q\000u\000e\000n\000c\000e\000\040\000I\000n\000p\000u\000t}{chapter.12}% 73
\BOOKMARK [1][-]{section.12.4}{\376\377\000S\000e\000q\000u\000e\000n\000c\000e\000\040\000O\000u\000t\000p\000u\000t}{chapter.12}% 74
\BOOKMARK [1][-]{section.12.5}{\376\377\000S\000a\000m\000p\000l\000e\000\040\000p\000r\000o\000b\000l\000e\000m\000s}{chapter.12}% 75
\BOOKMARK [0][-]{chapter.13}{\376\377\000D\000E\000V\000C\000:\000\040\000D\000e\000n\000o\000v\000o\000\040\000E\000i\000g\000e\000n\000V\000a\000l\000u\000e\000\040\000C\000a\000l\000c\000u\000l\000a\000t\000i\000o\000n}{}% 76
\BOOKMARK [1][-]{section.13.1}{\376\377\000I\000n\000t\000r\000o\000d\000u\000c\000t\000i\000o\000n}{chapter.13}% 77
\BOOKMARK [1][-]{section.13.2}{\376\377\000S\000e\000q\000u\000e\000n\000c\000e\000\040\000i\000n\000p\000u\000t}{chapter.13}% 78
\BOOKMARK [1][-]{section.13.3}{\376\377\000S\000e\000q\000u\000e\000n\000c\000e\000\040\000O\000u\000t\000p\000u\000t}{chapter.13}% 79
\BOOKMARK [1][-]{section.13.4}{\376\377\000S\000a\000m\000p\000l\000e\000\040\000P\000r\000o\000b\000l\000e\000m\000s}{chapter.13}% 80
\BOOKMARK [0][-]{chapter.14}{\376\377\000K\000M\000A\000R\000T\0005\000\040\000a\000n\000d\000\040\000K\000M\000A\000R\000T\0006\000:\000\040\000P\000o\000s\000t\000p\000r\000o\000c\000e\000s\000s\000o\000r\000s\000\040\000f\000o\000r\000\040\000K\000E\000N\000O\000\040\000V\000.\000A\000\040\000a\000n\000d\000\040\000K\000E\000N\000O\000-\000V\000I}{}% 81
\BOOKMARK [1][-]{section.14.1}{\376\377\000I\000n\000t\000r\000o\000d\000u\000c\000t\000i\000o\000n}{chapter.14}% 82
\BOOKMARK [1][-]{section.14.2}{\376\377\000K\000M\000A\000R\000T\000\040\000I\000n\000p\000u\000t\000\040\000D\000a\000t\000a}{chapter.14}% 83
\BOOKMARK [1][-]{section.14.3}{\376\377\000K\000M\000A\000R\000T\000\040\000S\000a\000m\000p\000l\000e\000\040\000I\000n\000p\000u\000t}{chapter.14}% 84
\BOOKMARK [0][-]{chapter.15}{\376\377\000K\0005\000t\000o\000K\0006\000\040\000a\000n\000d\000\040\000C\0005\000t\000o\000C\0006\000:\000\040\000I\000n\000p\000u\000t\000\040\000F\000i\000l\000e\000\040\000C\000o\000n\000v\000e\000r\000s\000i\000o\000n\000\040\000P\000r\000o\000g\000r\000a\000m\000s\000\040\000f\000o\000r\000\040\000K\000E\000N\000O\000\040\000a\000n\000d\000\040\000C\000S\000A\000S}{}% 85
\BOOKMARK [1][-]{section.15.1}{\376\377\000I\000n\000t\000r\000o\000d\000u\000c\000t\000i\000o\000n}{chapter.15}% 86
\BOOKMARK [1][-]{section.15.2}{\376\377\000D\000e\000s\000c\000r\000i\000p\000t\000i\000o\000n\000\040\000a\000n\000d\000\040\000I\000n\000p\000u\000t\000\040\000G\000u\000i\000d\000e}{chapter.15}% 87
\BOOKMARK [0][-]{chapter*.100}{\376\377\000B\000i\000b\000l\000i\000o\000g\000r\000a\000p\000h\000y}{}% 88
